"../../../Engine/Content/Functions/Engine_MaterialFunctions01/Shading/PowerToRoughness.uasset" 0
"../../../Engine/Content/Functions/Engine_MaterialFunctions01/Shading/ConvertFromDiffSpec.uasset" 1
"../../../Engine/Content/EngineMaterials/DefaultDiffuse.uasset" 2
"../../../Engine/Content/EngineMaterials/DefaultDeferredDecalMaterial.uasset" 3
"../../../Engine/Content/EngineMaterials/DefaultLightFunctionMaterial.uasset" 4
"../../../Engine/Content/Functions/Engine_MaterialFunctions02/Utility/BreakOutFloat2Components.uasset" 5
"../../../Engine/Content/EngineMaterials/DefaultPostProcessMaterial.uasset" 6
"../../../Engine/Content/EditorMaterials/Camera/CineMat.uasset" 7
"../../../Engine/Content/EditorMaterials/Camera/MI_CineMat_Rig.uasset" 8
"../../../Engine/Content/EditorMeshes/Camera/SM_CraneRig_Base.uasset" 9
"../../../Engine/Content/EditorMeshes/Camera/SM_CraneRig_Arm.uasset" 10
"../../../Engine/Content/EditorMeshes/Camera/SM_CraneRig_Mount.uasset" 11
"../../../Engine/Content/EditorMeshes/Camera/SM_CraneRig_Body.uasset" 12
"../../../Engine/Content/EditorMeshes/Camera/SM_RailRig_Track.uasset" 13
"../../../Engine/Content/EditorMeshes/Camera/SM_RailRig_Mount.uasset" 14
"../../../Engine/Content/EngineResources/AICON-Red.uasset" 15
"../../../Engine/Content/EngineResources/AICON-Green.uasset" 16
"../../../Engine/Content/EngineFonts/Roboto.uasset" 17
"../../../Engine/Content/EngineResources/DefaultTexture.uasset" 18
"../../../Engine/Content/Functions/Engine_MaterialFunctions01/Texturing/ScaleUVsByCenter.uasset" 19
"../../../Engine/Content/Functions/Engine_MaterialFunctions02/ScreenResolution.uasset" 20
"../../../Engine/Content/Functions/Engine_MaterialFunctions02/Texturing/ScreenAlignedUVs.uasset" 21
"../../../Engine/Content/EngineResources/WhiteSquareTexture.uasset" 22
"../../../Engine/Content/EngineMaterials/Widget3DPassThrough.uasset" 23
"../../../Engine/Content/EngineMaterials/Widget3DPassThrough_Translucent.uasset" 24
"../../../Engine/Content/EngineMaterials/Widget3DPassThrough_Translucent_OneSided.uasset" 25
"../../../Engine/Content/EngineMaterials/Widget3DPassThrough_Opaque.uasset" 26
"../../../Engine/Content/EngineMaterials/Widget3DPassThrough_Opaque_OneSided.uasset" 27
"../../../Engine/Content/EngineMaterials/Widget3DPassThrough_Masked.uasset" 28
"../../../Engine/Content/EngineMaterials/Widget3DPassThrough_Masked_OneSided.uasset" 29
"../../../Engine/Content/EditorResources/S_Actor.uasset" 30
"../../../Engine/Content/EditorMaterials/AssetViewer/EpicQuadPanorama_CC+EV1.uasset" 31
"../../../Engine/Content/EditorResources/RGBTable16x1_AssetViewer.uasset" 32
"../../../Engine/Content/Maps/Templates/Thumbnails/Default.uasset" 33
"../../../Engine/Content/Maps/Templates/Thumbnails/VR-Basic.uasset" 34
"../../../Engine/Content/EditorMaterials/ParticleSystems/PSysThumbnail_NoImage.uasset" 35
"../../../Engine/Content/EditorMaterials/ParticleSystems/PSysThumbnail_OOD.uasset" 36
"../../../Engine/Content/EditorLandscapeResources/DataLayer.uasset" 37
"../../../Engine/Content/EngineDamageTypes/DmgTypeBP_Environmental.uasset" 38
"../../../Engine/Content/EngineMeshes/Sphere.uasset" 39
"../../../Engine/Content/EngineFonts/RobotoDistanceField.uasset" 40
"../../../Engine/Content/EngineMaterials/DefaultTextMaterialOpaque.uasset" 41
"../../../Engine/Content/EditorResources/S_Trigger.uasset" 42
"../../../Engine/Content/EngineResources/GradientTexture0.uasset" 43
"../../../Engine/Content/EngineResources/Black.uasset" 44
"../../../Engine/Content/EditorMaterials/MatineeGroups/MAT_Groups_Float.uasset" 45
"../../../Engine/Content/EditorMaterials/MatineeGroups/MAT_Groups_Director.uasset" 46
"../../../Engine/Content/EditorMaterials/MatineeGroups/MAT_Groups_Event.uasset" 47
"../../../Engine/Content/EditorMaterials/MatineeGroups/MAT_Groups_Anim.uasset" 48
"../../../Engine/Content/EditorMaterials/MatineeGroups/MAT_Groups_Fade.uasset" 49
"../../../Engine/Content/EditorMaterials/MatineeGroups/MAT_Groups_Move.uasset" 50
"../../../Engine/Content/EditorMaterials/MatineeGroups/MAT_Groups_Slomo.uasset" 51
"../../../Engine/Content/EditorMaterials/MatineeGroups/MAT_ColorTrack.uasset" 52
"../../../Engine/Content/EditorMaterials/MAT_Groups_Toggle.uasset" 53
"../../../Engine/Content/EditorMaterials/MatineeGroups/MAT_Groups_AudioMaster.uasset" 54
"../../../Engine/Content/EditorMaterials/MatineeGroups/MAT_Groups_Sound.uasset" 55
"../../../Engine/Content/EditorMaterials/MatineeGroups/MAT_Groups_Vector.uasset" 56
"../../../Engine/Content/EditorMaterials/MAT_Groups_Visibility.uasset" 57
"../../../Engine/Content/EngineResources/DefaultTextureCube.uasset" 58
"../../../Engine/Content/Functions/Engine_MaterialFunctions01/Opacity/CameraDepthFade.uasset" 59
"../../../Engine/Content/EngineMaterials/T_Default_Material_Grid_M.uasset" 60
"../../../Engine/Content/EngineMaterials/T_Default_Material_Grid_N.uasset" 61
"../../../Engine/Content/EngineMaterials/DefaultMaterial.uasset" 62
"../../../Engine/Content/EngineMeshes/Cylinder.uasset" 63
"../../../Engine/Content/EngineTireTypes/DefaultTireType.uasset" 64
"../../../Engine/Content/VREditor/LaserPointer/VR_LaserPower_01.uasset" 65
"../../../Engine/Content/VREditor/TransformGizmo/TransformGizmoMaterial.uasset" 66
"../../../Engine/Content/VREditor/TransformGizmo/TranslucentTransformGizmoMaterial.uasset" 67
"../../../Engine/Content/VREditor/TransformGizmo/UniformScaleHandle.uasset" 68
"../../../Engine/Content/VREditor/TransformGizmo/TranslateHandleLong.uasset" 69
"../../../Engine/Content/VREditor/TransformGizmo/PlaneTranslationHandle.uasset" 70
"../../../Engine/Content/VREditor/TransformGizmo/RotationHandleFull.uasset" 71
"../../../Engine/Content/VREditor/TransformGizmo/StretchingHandle.uasset" 72
"../../../Engine/Content/VREditor/TransformGizmo/BoundingBoxCorner.uasset" 73
"../../../Engine/Content/VREditor/TransformGizmo/BoundingBoxEdge.uasset" 74
"../../../Engine/Content/VREditor/UI/SelectionBarMesh.uasset" 75
"../../../Engine/Content/VREditor/UI/CloseButtonMesh.uasset" 76
"../../../Engine/Content/VREditor/FloatingText/LineMaterial.uasset" 77
"../../../Engine/Content/VREditor/FloatingText/LineSegmentCylinder.uasset" 78
"../../../Engine/Content/VREditor/FloatingText/JointSphere.uasset" 79
"../../../Engine/Content/VREditor/Fonts/VRText_RobotoLarge.uasset" 80
"../../../Engine/Content/VREditor/Fonts/VRTextMaterial.uasset" 81
"../../../Engine/Content/VREditor/Fonts/TranslucentVRTextMaterial.uasset" 82
"../../../Engine/Content/VREditor/TransformGizmo/TranslationHandle.uasset" 83
"../../../Engine/Content/VREditor/TransformGizmo/RotationHandle.uasset" 84
"../../../Engine/Content/VREditor/Devices/Generic/GenericHMDMaterial.uasset" 85
"../../../Engine/Content/VREditor/Devices/Generic/GenericHMD.uasset" 86
"../../../Engine/Content/Functions/Engine_MaterialFunctions01/Gradient/RadialGradient.uasset" 87
"../../../Engine/Content/EditorLandscapeResources/FlattenHeightMat.uasset" 88
"../../../Engine/Content/VREditor/WorldMovementGrid/PlaneMesh.uasset" 89
"../../../Engine/Content/VREditor/WorldMovementGrid/SimpleGrid.uasset" 90
"../../../Engine/Content/VREditor/WorldMovementGrid/GridMaterial.uasset" 91
"../../../Engine/Content/VREditor/LaserPointer/LaserPointerMaterial.uasset" 92
"../../../Engine/Content/VREditor/LaserPointer/LaserPointerMaterialInst.uasset" 93
"../../../Engine/Content/VREditor/LaserPointer/TranslucentLaserPointerMaterialInst.uasset" 94
"../../../Engine/Content/VREditor/LaserPointer/LaserPointerMesh.uasset" 95
"../../../Engine/Content/Functions/Engine_MaterialFunctions01/Density/ExponentialDensity.uasset" 96
"../../../Engine/Content/VREditor/WorldMovementGrid/GridPostProcess.uasset" 97
"../../../Engine/Content/VREditor/Sounds/VR_teleport_Cue.uasset" 98
"../../../Engine/Content/VREditor/Sounds/VR_grab_Cue.uasset" 99
"../../../Engine/Content/Tutorial/Basics/TutorialAssets/icon_tab_Levels_40x.uasset" 100
"../../../Engine/Content/Tutorial/ContentIntroCurve.uasset" 101
"../../../Engine/Content/EngineMaterials/RemoveSurfaceMaterial.uasset" 102
"../../../Engine/Content/EngineDebugMaterials/DebugMeshMaterial.uasset" 103
"../../../Engine/Content/EngineMaterials/InvalidLightmapSettings.uasset" 104
"../../../Engine/Content/EngineMaterials/M_InvalidLightmapSettings.uasset" 105
"../../../Engine/Content/EditorMaterials/GizmoMaterial.uasset" 106
"../../../Engine/Content/EngineMaterials/PhAT_JointLimitMaterial.uasset" 107
"../../../Engine/Content/EngineMaterials/Good64x64TilingNoiseHighFreq.uasset" 108
"../../../Engine/Content/EngineMaterials/DefaultBokeh.uasset" 109
"../../../Engine/Content/EngineMaterials/PreintegratedSkinBRDF.uasset" 110
"../../../Engine/Content/EngineMaterials/MiniFont.uasset" 111
"../../../Engine/Content/EngineMaterials/WeightMapPlaceholderTexture.uasset" 112
"../../../Engine/Content/EngineMaterials/DefaultWhiteGrid.uasset" 113
"../../../Engine/Content/EngineMaterials/DefaultPhysicalMaterial.uasset" 114
"../../../Engine/Content/EngineFonts/RobotoTiny.uasset" 115
"../../../Engine/Content/EditorSounds/Notifications/CompileSuccess.uasset" 116
"../../../Engine/Content/EditorSounds/Notifications/CompileStart_Cue.uasset" 117
"../../../Engine/Content/EditorSounds/Notifications/CompileSuccess_Cue.uasset" 118
"../../../Engine/Content/EditorSounds/Notifications/CompileFailed.uasset" 119
"../../../Engine/Content/EditorSounds/Notifications/CompileFailed_Cue.uasset" 120
"../../../Engine/Content/EngineMaterials/WorldGridMaterial.uasset" 121
"../../../Engine/Content/BasicShapes/Cube.uasset" 122
"../../../Engine/Content/BasicShapes/Sphere.uasset" 123
"../../../Engine/Content/BasicShapes/Cylinder.uasset" 124
"../../../Engine/Content/BasicShapes/Cone.uasset" 125
"../../../Engine/Content/EditorResources/BSPVertex.uasset" 126
"../../../Engine/Content/EngineDebugMaterials/GeomMaterial.uasset" 127
"../../../Engine/Content/EngineDebugMaterials/HeatmapGradient.uasset" 128
"../../../Engine/Content/EngineDebugMaterials/BoneWeightMaterial.uasset" 129
"../../../Engine/Content/EditorMaterials/PreviewShadowIndicator.uasset" 130
"../../../Engine/Content/EditorMaterials/PreviewShadowIndicatorMaterial.uasset" 131
"../../../Engine/Content/EngineMaterials/EditorBrushMaterial.uasset" 132
"../../../Engine/Content/EditorMeshes/ColorCalibrator/M_ChromeBall.uasset" 133
"../../../Engine/Content/EditorMeshes/ColorCalibrator/M_ClearCoat.uasset" 134
"../../../Engine/Content/EditorMeshes/ColorCalibrator/M_ClearCoatBlack.uasset" 135
"../../../Engine/Content/EditorMeshes/ColorCalibrator/T_ColorGrid.uasset" 136
"../../../Engine/Content/EditorMeshes/ColorCalibrator/M_ColorGrid.uasset" 137
"../../../Engine/Content/EditorMeshes/ColorCalibrator/M_GreyBall.uasset" 138
"../../../Engine/Content/EditorMeshes/ColorCalibrator/SM_ColorCalibrator.uasset" 139
"../../../Engine/Content/MobileResources/HUD/VirtualJoystick_Background.uasset" 140
"../../../Engine/Content/MobileResources/HUD/VirtualJoystick_Thumb.uasset" 141
"../../../Engine/Content/MobileResources/HUD/DefaultVirtualJoysticks.uasset" 142
"../../../Engine/Content/Tutorial/BlueprintTutorials/TutorialAssets/Blueprint_64x.uasset" 143
"../../../Engine/Content/Tutorial/SubEditors/TutorialAssets/icon_Editor_Preferences_General_40x.uasset" 144
"../../../Engine/Content/Tutorial/Paper2D/TutorialAssets/Paper2DSprite_TutorialIcon.uasset" 145
"../../../Engine/Content/Tutorial/SubEditors/TutorialAssets/icon_ShowSkeletalMeshes_40x.uasset" 146
"../../../Engine/Content/Tutorial/Landscape/TutorialAssets/Landscape.uasset" 147
"../../../Engine/Content/Tutorial/Foliage/TutorialAssets/Foliage.uasset" 148
"../../../Engine/Content/Tutorial/BlueprintTutorials/TutorialAssets/BlueprintMacroLibrary_64x.uasset" 149
"../../../Engine/Content/Tutorial/BlueprintTutorials/TutorialAssets/BlueprintInterface_64x.uasset" 150
"../../../Engine/Content/Tutorial/Paper2D/TutorialAssets/Paper2DFlipbook_TutorialIcon.uasset" 151
"../../../Engine/Content/MobileResources/HUD/T_Castle_ThumbstickInner.uasset" 152
"../../../Engine/Content/MobileResources/HUD/MobileHUDDirectionPad3.uasset" 153
"../../../Engine/Content/EditorResources/EmptyActor.uasset" 154
"../../../Engine/Content/MobileResources/HUD/MobileHUDDirectionPad.uasset" 155
"../../../Engine/Content/EngineMeshes/Cube.uasset" 156
"../../../Engine/Content/Tutorial/BlueprintTutorials/TutorialAssets/Tutorial_BP_Interface.uasset" 157
"../../../Engine/Content/EditorMeshes/EditorCube.uasset" 158
"../../../Engine/Content/Tutorial/SubEditors/TutorialAssets/Tutorial_DM.uasset" 159
"../../../Engine/Content/Tutorial/SubEditors/TutorialAssets/TutorialMaterial.uasset" 160
"../../../Engine/Content/Tutorial/SubEditors/TutorialAssets/T_SmokeSubUV_8X8.uasset" 161
"../../../Engine/Content/Tutorial/SubEditors/TutorialAssets/T_soft_smoke.uasset" 162
"../../../Engine/Content/Tutorial/SubEditors/TutorialAssets/M_smoke_subUV_blackbody.uasset" 163
"../../../Engine/Content/Tutorial/SubEditors/TutorialAssets/TutorialParticleSystem.uasset" 164
"../../../Engine/Content/MobileResources/HUD/MobileHUDButton2_on.uasset" 165
"../../../Engine/Content/MobileResources/HUD/MobileHUDButton2_off.uasset" 166
"../../../Engine/Content/MobileResources/HUD/MobileHUDButton1_on.uasset" 167
"../../../Engine/Content/MobileResources/HUD/MobileHUDButton1_off.uasset" 168
"../../../Engine/Content/MobileResources/HUD/LeftVirtualJoystickOnly.uasset" 169
"../../../Engine/Content/MobileResources/HUD/AnalogHat.uasset" 170
"../../../Engine/Content/MobileResources/T_MobileMenu2.uasset" 171
"../../../Engine/Content/MobileResources/T_MobileControls_texture.uasset" 172
"../../../Engine/Content/MobileResources/HUD/MobileHUDDirectionStick.uasset" 173
"../../../Engine/Content/MobileResources/HUD/T_Castle_ThumbstickOutter.uasset" 174
"../../../Engine/Content/MobileResources/HUD/MobileHUDDirectionPad2.uasset" 175
"../../../Engine/Content/MobileResources/HUD/MobileHUDButtonFire.uasset" 176
"../../../Engine/Content/MobileResources/HUD/MobileHUDButton3.uasset" 177
"../../../Engine/Content/EditorBlueprintResources/StandardMacros.uasset" 178
"../../../RnD/Content/Lobby/Blueprints/BP_LobbyPlayerController.uasset" 179
"../../../RnD/Content/Lobby/UI/PlayerInfoEntry.uasset" 180
"../../../RnD/Content/Lobby/UI/ChatEntry.uasset" 181
"../../../RnD/Content/Lobby/UI/InviteSteamFriendEntry.uasset" 182
"../../../RnD/Content/Lobby/UI/LobbyMenu.uasset" 183
"../../../RnD/Content/Lobby/UI/SessionInviteRecieved.uasset" 184
"../../../RnD/Content/Network/UI/BlueprintFunctionLibirary.uasset" 185
"../../../RnD/Content/MainMenu/UI/MainMenu.uasset" 186
"../../../RnD/Content/Network/UI/OkErrorMessageWidget.uasset" 187
"../../../RnD/Content/Network/UI/padlock-white-png.uasset" 188
"../../../RnD/Content/Network/UI/PasswordEnterPopUp.uasset" 189
"../../../RnD/Content/Network/UI/ServerMenuStat.uasset" 190
"../../../RnD/Content/Network/UI/ServerMenu.uasset" 191
"../../../RnD/Content/Network/Blueprints/BP_NWGameInstance.uasset" 192
"../../../RnD/Content/MainMenu/Blueprints/MainMenuPlayerController.uasset" 193
"../../../RnD/Content/Network/Blueprints/BP_NetworkPlayerState.uasset" 194
"../../../RnD/Content/MainMenu/Blueprints/MainMenuGameMode.uasset" 195
"../../../RnD/Content/MainMenu/MainMenuMap.umap" 196
"../../../Engine/Content/EngineMaterials/DefaultNormal.uasset" 197
"../../../Engine/Content/Maps/Entry.umap" 198
"../../../RnD/Content/Lobby/Blueprints/BP_LobbyGameMode.uasset" 199
"../../../RnD/Content/Lobby/LobbyMap.umap" 200
"../../../Engine/Content/EngineSky/C_Sky_Cloud_Color.uasset" 201
"../../../Engine/Content/EngineSky/C_Sky_Horizon_Color.uasset" 202
"../../../Engine/Content/EngineSky/C_Sky_Zenith_Color.uasset" 203
"../../../Engine/Content/EngineSky/T_Sky_Blue.uasset" 204
"../../../Engine/Content/EngineSky/T_Sky_Clouds_M.uasset" 205
"../../../Engine/Content/EngineSky/T_Sky_Stars.uasset" 206
"../../../Engine/Content/EngineSky/M_Sky_Panning_Clouds2.uasset" 207
"../../../Engine/Content/EngineSky/SM_SkySphere.uasset" 208
"../../../Engine/Content/EngineSky/BP_Sky_Sphere.uasset" 209
"../../../RnD/Content/Items/Ui/NetworkSignWidget.uasset" 210
"../../../RnD/Content/Network/Blueprints/BP_NetworkPlayerController.uasset" 211
"../../../RnD/Content/Geometry/Meshes/CubeMaterial.uasset" 212
"../../../RnD/Content/Geometry/Meshes/1M_Cube_Chamfer.uasset" 213
"../../../RnD/Content/Items/Blueprints/BP_NetworkSign.uasset" 214
"../../../RnD/Content/Mannequin/Character/Mesh/UE4_Mannequin_Skeleton.uasset" 215
"../../../RnD/Content/Mannequin/Animations/ThirdPerson_Jump.uasset" 216
"../../../RnD/Content/Mannequin/Animations/ThirdPersonJump_Loop.uasset" 217
"../../../RnD/Content/Mannequin/Animations/ThirdPersonJump_Start.uasset" 218
"../../../RnD/Content/Mannequin/Animations/ThirdPersonIdle.uasset" 219
"../../../RnD/Content/Mannequin/Animations/ThirdPersonRun.uasset" 220
"../../../RnD/Content/Mannequin/Animations/ThirdPersonWalk.uasset" 221
"../../../RnD/Content/Mannequin/Animations/ThirdPerson_IdleRun_2D.uasset" 222
"../../../RnD/Content/Mannequin/Animations/ThirdPerson_AnimBP.uasset" 223
"../../../Engine/Content/Functions/Engine_MaterialFunctions02/Utility/BlendAngleCorrectedNormals.uasset" 224
"../../../Engine/Content/Functions/MaterialLayerFunctions/MatLayerBlend_NormalBlend.uasset" 225
"../../../Engine/Content/Functions/MaterialLayerFunctions/MatLayerBlend_Simple.uasset" 226
"../../../RnD/Content/Mannequin/Character/Materials/MaterialLayers/T_ML_Rubber_Blue_01_D.uasset" 227
"../../../RnD/Content/Mannequin/Character/Materials/MaterialLayers/T_ML_Rubber_Blue_01_N.uasset" 228
"../../../RnD/Content/Mannequin/Character/Materials/MaterialLayers/ML_GlossyBlack_Latex_UE4.uasset" 229
"../../../RnD/Content/Mannequin/Character/Materials/MaterialLayers/ML_Plastic_Shiny_Beige.uasset" 230
"../../../RnD/Content/Mannequin/Character/Textures/UE4_LOGO_CARD.uasset" 231
"../../../RnD/Content/Mannequin/Character/Materials/MaterialLayers/ML_Plastic_Shiny_Beige_LOGO.uasset" 232
"../../../RnD/Content/Mannequin/Character/Materials/MaterialLayers/T_ML_Aluminum01.uasset" 233
"../../../RnD/Content/Mannequin/Character/Materials/MaterialLayers/T_ML_Aluminum01_N.uasset" 234
"../../../RnD/Content/Mannequin/Character/Materials/MaterialLayers/ML_SoftMetal_UE4.uasset" 235
"../../../RnD/Content/Mannequin/Character/Textures/UE4_Mannequin__normals.uasset" 236
"../../../RnD/Content/Mannequin/Character/Textures/UE4_Mannequin_MAT_MASKA.uasset" 237
"../../../RnD/Content/Mannequin/Character/Materials/M_UE4Man_Body.uasset" 238
"../../../RnD/Content/Mannequin/Character/Textures/UE4Man_Logo_N.uasset" 239
"../../../RnD/Content/Mannequin/Character/Materials/M_UE4Man_ChestLogo.uasset" 240
"../../../RnD/Content/Mannequin/Character/Mesh/SK_Mannequin_PhysicsAsset.uasset" 241
"../../../RnD/Content/Mannequin/Character/Mesh/SK_Mannequin.uasset" 242
"../../../RnD/Content/ThirdPersonCPP/Blueprints/ThirdPersonCharacter.uasset" 243
"../../../RnD/Content/Network/Blueprints/DummyGameMode.uasset" 244
"../../../Engine/Content/Functions/Engine_MaterialFunctions03/Procedurals/ComputeFilterWidth.uasset" 245
"../../../Engine/Content/EngineMaterials/AntiAliasedTextMaterialTranslucent.uasset" 246
"../../../RnD/Content/Geometry/Meshes/1M_Cube.uasset" 247
"../../../RnD/Content/Geometry/Meshes/TemplateFloor.uasset" 248
"../../../RnD/Content/ThirdPerson/Meshes/RampMaterial.uasset" 249
"../../../RnD/Content/ThirdPerson/Meshes/Bump_StaticMesh.uasset" 250
"../../../RnD/Content/ThirdPerson/Meshes/LeftArm_StaticMesh.uasset" 251
"../../../RnD/Content/ThirdPerson/Meshes/Linear_Stair_StaticMesh.uasset" 252
"../../../RnD/Content/ThirdPerson/Meshes/Ramp_StaticMesh.uasset" 253
"../../../RnD/Content/ThirdPerson/Meshes/RightArm_StaticMesh.uasset" 254
"../../../RnD/Content/ThirdPersonCPP/Maps/ThirdPersonExampleMap.umap" 255
